<?xml version="1.0" encoding="UTF-8"?>
<!-- Generated by org.testng.reporters.JUnitReportReporter -->
<testsuite skipped="0" hostname="Amar-PC" name="Module1_TestCases.WindowsHandling" tests="2" failures="0" timestamp="02 Jul 2020 18:23:35 GMT" time="141.304" errors="0">
  <testcase name="CaptureTitle" time="135.848" classname="Module1_TestCases.WindowsHandling"/>
  <testcase name="CaptureParentWindowTitle" time="5.456" classname="Module1_TestCases.WindowsHandling"/>
</testsuite> <!-- Module1_TestCases.WindowsHandling -->
