<?xml version="1.0" encoding="UTF-8"?>
<!-- Generated by org.testng.reporters.JUnitReportReporter -->
<testsuite skipped="0" hostname="Amar-PC" name="Module1_TestCases.LoginTestcase" tests="1" failures="0" timestamp="30 Jun 2020 14:30:48 GMT" time="16.732" errors="0">
  <testcase name="verifytile" time="16.732" classname="Module1_TestCases.LoginTestcase"/>
</testsuite> <!-- Module1_TestCases.LoginTestcase -->
