<?xml version="1.0" encoding="UTF-8"?>
<!-- Generated by org.testng.reporters.JUnitReportReporter -->
<testsuite skipped="0" hostname="Amar-PC" name="Module1_TestCases.LoginTestcase" tests="1" failures="0" timestamp="13 Jun 2020 15:22:29 GMT" time="27.472" errors="0">
  <testcase name="verifytile" time="27.472" classname="Module1_TestCases.LoginTestcase"/>
</testsuite> <!-- Module1_TestCases.LoginTestcase -->
