<?xml version="1.0" encoding="UTF-8"?>
<!-- Generated by org.testng.reporters.JUnitReportReporter -->
<testsuite skipped="0" hostname="Amar-PC" name="Module1_TestCases.LoginTestcase" tests="1" failures="0" timestamp="02 Jul 2020 18:23:35 GMT" time="15.171" errors="0">
  <testcase name="verifytile" time="15.171" classname="Module1_TestCases.LoginTestcase"/>
</testsuite> <!-- Module1_TestCases.LoginTestcase -->
